<?xml version="1.0" encoding="UTF-8"?>
<robot generator="Robot 6.0.2 (Python 3.10.6 on darwin)" generated="20230306 12:20:02.240" rpa="false" schemaversion="3">
<suite id="s1" name="Test" source="/Users/caijinsi/Desktop/projects/bikeway-obstacles-detection/test">
<suite id="s1-s1" name="Module Installation" source="/Users/caijinsi/Desktop/projects/bikeway-obstacles-detection/test/module_installation.robot">
<test id="s1-s1-t1" name="Test Module Installation" line="5">
<kw name="Create List" library="BuiltIn">
<var>${requirements}</var>
<arg>numpy</arg>
<arg>pyheif</arg>
<arg>Pillow</arg>
<arg>helpers</arg>
<arg>matplotlib</arg>
<doc>Returns a list containing given items.</doc>
<msg timestamp="20230306 12:20:02.256" level="INFO">${requirements} = ['numpy', 'pyheif', 'Pillow', 'helpers', 'matplotlib']</msg>
<status status="PASS" starttime="20230306 12:20:02.256" endtime="20230306 12:20:02.256"/>
</kw>
<for flavor="IN">
<var>${module}</var>
<value>@{requirements}</value>
<iter>
<var name="${module}">numpy</var>
<kw name="Run Keyword And Ignore Error" library="BuiltIn">
<arg>Import Library</arg>
<arg>${module}</arg>
<doc>Runs the given keyword with the given arguments and ignores possible error.</doc>
<kw name="Import Library" library="BuiltIn">
<arg>${module}</arg>
<doc>Imports a library with the given name and optional arguments.</doc>
<status status="PASS" starttime="20230306 12:20:02.256" endtime="20230306 12:20:02.594"/>
</kw>
<status status="PASS" starttime="20230306 12:20:02.256" endtime="20230306 12:20:02.594"/>
</kw>
<kw name="Run Keyword And Return Status" library="BuiltIn">
<var>${result}</var>
<arg>Should Be True</arg>
<arg>${True}</arg>
<arg>${module} module was imported successfully.</arg>
<doc>Runs the given keyword with given arguments and returns the status as a Boolean value.</doc>
<kw name="Should Be True" library="BuiltIn">
<arg>${True}</arg>
<arg>${module} module was imported successfully.</arg>
<doc>Fails if the given condition is not true.</doc>
<status status="PASS" starttime="20230306 12:20:02.595" endtime="20230306 12:20:02.595"/>
</kw>
<msg timestamp="20230306 12:20:02.595" level="INFO">${result} = True</msg>
<status status="PASS" starttime="20230306 12:20:02.594" endtime="20230306 12:20:02.595"/>
</kw>
<kw name="Run Keyword Unless" library="BuiltIn">
<arg>${result}</arg>
<arg>Fail</arg>
<arg>Could not import ${module} module.</arg>
<doc>*DEPRECATED since RF 5.0. Use Native IF/ELSE or `Run Keyword If` instead.*</doc>
<msg timestamp="20230306 12:20:02.595" level="WARN">Keyword 'BuiltIn.Run Keyword Unless' is deprecated. </msg>
<status status="PASS" starttime="20230306 12:20:02.595" endtime="20230306 12:20:02.595"/>
</kw>
<status status="PASS" starttime="20230306 12:20:02.256" endtime="20230306 12:20:02.595"/>
</iter>
<iter>
<var name="${module}">pyheif</var>
<kw name="Run Keyword And Ignore Error" library="BuiltIn">
<arg>Import Library</arg>
<arg>${module}</arg>
<doc>Runs the given keyword with the given arguments and ignores possible error.</doc>
<kw name="Import Library" library="BuiltIn">
<arg>${module}</arg>
<doc>Imports a library with the given name and optional arguments.</doc>
<status status="PASS" starttime="20230306 12:20:02.596" endtime="20230306 12:20:02.639"/>
</kw>
<status status="PASS" starttime="20230306 12:20:02.595" endtime="20230306 12:20:02.639"/>
</kw>
<kw name="Run Keyword And Return Status" library="BuiltIn">
<var>${result}</var>
<arg>Should Be True</arg>
<arg>${True}</arg>
<arg>${module} module was imported successfully.</arg>
<doc>Runs the given keyword with given arguments and returns the status as a Boolean value.</doc>
<kw name="Should Be True" library="BuiltIn">
<arg>${True}</arg>
<arg>${module} module was imported successfully.</arg>
<doc>Fails if the given condition is not true.</doc>
<status status="PASS" starttime="20230306 12:20:02.639" endtime="20230306 12:20:02.639"/>
</kw>
<msg timestamp="20230306 12:20:02.639" level="INFO">${result} = True</msg>
<status status="PASS" starttime="20230306 12:20:02.639" endtime="20230306 12:20:02.639"/>
</kw>
<kw name="Run Keyword Unless" library="BuiltIn">
<arg>${result}</arg>
<arg>Fail</arg>
<arg>Could not import ${module} module.</arg>
<doc>*DEPRECATED since RF 5.0. Use Native IF/ELSE or `Run Keyword If` instead.*</doc>
<msg timestamp="20230306 12:20:02.640" level="WARN">Keyword 'BuiltIn.Run Keyword Unless' is deprecated. </msg>
<status status="PASS" starttime="20230306 12:20:02.639" endtime="20230306 12:20:02.640"/>
</kw>
<status status="PASS" starttime="20230306 12:20:02.595" endtime="20230306 12:20:02.640"/>
</iter>
<iter>
<var name="${module}">Pillow</var>
<kw name="Run Keyword And Ignore Error" library="BuiltIn">
<arg>Import Library</arg>
<arg>${module}</arg>
<doc>Runs the given keyword with the given arguments and ignores possible error.</doc>
<kw name="Import Library" library="BuiltIn">
<arg>${module}</arg>
<doc>Imports a library with the given name and optional arguments.</doc>
<msg timestamp="20230306 12:20:02.642" level="FAIL">Importing library 'Pillow' failed: ModuleNotFoundError: No module named 'Pillow'
Traceback (most recent call last):
  None
PYTHONPATH:
  /Users/caijinsi/.pyenv/versions/3.10.6/bin
  /Users/caijinsi/.pyenv/versions/3.10.6/lib/python310.zip
  /Users/caijinsi/.pyenv/versions/3.10.6/lib/python3.10
  /Users/caijinsi/.pyenv/versions/3.10.6/lib/python3.10/lib-dynload
  /Users/caijinsi/.pyenv/versions/3.10.6/lib/python3.10/site-packages</msg>
<status status="FAIL" starttime="20230306 12:20:02.640" endtime="20230306 12:20:02.642"/>
</kw>
<status status="PASS" starttime="20230306 12:20:02.640" endtime="20230306 12:20:02.642"/>
</kw>
<kw name="Run Keyword And Return Status" library="BuiltIn">
<var>${result}</var>
<arg>Should Be True</arg>
<arg>${True}</arg>
<arg>${module} module was imported successfully.</arg>
<doc>Runs the given keyword with given arguments and returns the status as a Boolean value.</doc>
<kw name="Should Be True" library="BuiltIn">
<arg>${True}</arg>
<arg>${module} module was imported successfully.</arg>
<doc>Fails if the given condition is not true.</doc>
<status status="PASS" starttime="20230306 12:20:02.642" endtime="20230306 12:20:02.642"/>
</kw>
<msg timestamp="20230306 12:20:02.642" level="INFO">${result} = True</msg>
<status status="PASS" starttime="20230306 12:20:02.642" endtime="20230306 12:20:02.642"/>
</kw>
<kw name="Run Keyword Unless" library="BuiltIn">
<arg>${result}</arg>
<arg>Fail</arg>
<arg>Could not import ${module} module.</arg>
<doc>*DEPRECATED since RF 5.0. Use Native IF/ELSE or `Run Keyword If` instead.*</doc>
<msg timestamp="20230306 12:20:02.642" level="WARN">Keyword 'BuiltIn.Run Keyword Unless' is deprecated. </msg>
<status status="PASS" starttime="20230306 12:20:02.642" endtime="20230306 12:20:02.643"/>
</kw>
<status status="PASS" starttime="20230306 12:20:02.640" endtime="20230306 12:20:02.643"/>
</iter>
<iter>
<var name="${module}">helpers</var>
<kw name="Run Keyword And Ignore Error" library="BuiltIn">
<arg>Import Library</arg>
<arg>${module}</arg>
<doc>Runs the given keyword with the given arguments and ignores possible error.</doc>
<kw name="Import Library" library="BuiltIn">
<arg>${module}</arg>
<doc>Imports a library with the given name and optional arguments.</doc>
<msg timestamp="20230306 12:20:02.644" level="FAIL">Importing library 'helpers' failed: ModuleNotFoundError: No module named 'helpers'
Traceback (most recent call last):
  None
PYTHONPATH:
  /Users/caijinsi/.pyenv/versions/3.10.6/bin
  /Users/caijinsi/.pyenv/versions/3.10.6/lib/python310.zip
  /Users/caijinsi/.pyenv/versions/3.10.6/lib/python3.10
  /Users/caijinsi/.pyenv/versions/3.10.6/lib/python3.10/lib-dynload
  /Users/caijinsi/.pyenv/versions/3.10.6/lib/python3.10/site-packages</msg>
<status status="FAIL" starttime="20230306 12:20:02.643" endtime="20230306 12:20:02.644"/>
</kw>
<status status="PASS" starttime="20230306 12:20:02.643" endtime="20230306 12:20:02.644"/>
</kw>
<kw name="Run Keyword And Return Status" library="BuiltIn">
<var>${result}</var>
<arg>Should Be True</arg>
<arg>${True}</arg>
<arg>${module} module was imported successfully.</arg>
<doc>Runs the given keyword with given arguments and returns the status as a Boolean value.</doc>
<kw name="Should Be True" library="BuiltIn">
<arg>${True}</arg>
<arg>${module} module was imported successfully.</arg>
<doc>Fails if the given condition is not true.</doc>
<status status="PASS" starttime="20230306 12:20:02.645" endtime="20230306 12:20:02.645"/>
</kw>
<msg timestamp="20230306 12:20:02.645" level="INFO">${result} = True</msg>
<status status="PASS" starttime="20230306 12:20:02.644" endtime="20230306 12:20:02.645"/>
</kw>
<kw name="Run Keyword Unless" library="BuiltIn">
<arg>${result}</arg>
<arg>Fail</arg>
<arg>Could not import ${module} module.</arg>
<doc>*DEPRECATED since RF 5.0. Use Native IF/ELSE or `Run Keyword If` instead.*</doc>
<msg timestamp="20230306 12:20:02.645" level="WARN">Keyword 'BuiltIn.Run Keyword Unless' is deprecated. </msg>
<status status="PASS" starttime="20230306 12:20:02.645" endtime="20230306 12:20:02.645"/>
</kw>
<status status="PASS" starttime="20230306 12:20:02.643" endtime="20230306 12:20:02.645"/>
</iter>
<iter>
<var name="${module}">matplotlib</var>
<kw name="Run Keyword And Ignore Error" library="BuiltIn">
<arg>Import Library</arg>
<arg>${module}</arg>
<doc>Runs the given keyword with the given arguments and ignores possible error.</doc>
<kw name="Import Library" library="BuiltIn">
<arg>${module}</arg>
<doc>Imports a library with the given name and optional arguments.</doc>
<status status="PASS" starttime="20230306 12:20:02.645" endtime="20230306 12:20:02.761"/>
</kw>
<status status="PASS" starttime="20230306 12:20:02.645" endtime="20230306 12:20:02.761"/>
</kw>
<kw name="Run Keyword And Return Status" library="BuiltIn">
<var>${result}</var>
<arg>Should Be True</arg>
<arg>${True}</arg>
<arg>${module} module was imported successfully.</arg>
<doc>Runs the given keyword with given arguments and returns the status as a Boolean value.</doc>
<kw name="Should Be True" library="BuiltIn">
<arg>${True}</arg>
<arg>${module} module was imported successfully.</arg>
<doc>Fails if the given condition is not true.</doc>
<status status="PASS" starttime="20230306 12:20:02.761" endtime="20230306 12:20:02.761"/>
</kw>
<msg timestamp="20230306 12:20:02.761" level="INFO">${result} = True</msg>
<status status="PASS" starttime="20230306 12:20:02.761" endtime="20230306 12:20:02.761"/>
</kw>
<kw name="Run Keyword Unless" library="BuiltIn">
<arg>${result}</arg>
<arg>Fail</arg>
<arg>Could not import ${module} module.</arg>
<doc>*DEPRECATED since RF 5.0. Use Native IF/ELSE or `Run Keyword If` instead.*</doc>
<msg timestamp="20230306 12:20:02.761" level="WARN">Keyword 'BuiltIn.Run Keyword Unless' is deprecated. </msg>
<status status="PASS" starttime="20230306 12:20:02.761" endtime="20230306 12:20:02.762"/>
</kw>
<status status="PASS" starttime="20230306 12:20:02.645" endtime="20230306 12:20:02.762"/>
</iter>
<status status="PASS" starttime="20230306 12:20:02.256" endtime="20230306 12:20:02.762"/>
</for>
<doc>Test that required modules are installed properly</doc>
<tag>module_installation</tag>
<status status="PASS" starttime="20230306 12:20:02.256" endtime="20230306 12:20:02.762"/>
</test>
<status status="PASS" starttime="20230306 12:20:02.251" endtime="20230306 12:20:02.762"/>
</suite>
<status status="PASS" starttime="20230306 12:20:02.241" endtime="20230306 12:20:02.762"/>
</suite>
<statistics>
<total>
<stat pass="1" fail="0" skip="0">All Tests</stat>
</total>
<tag>
<stat pass="1" fail="0" skip="0">module_installation</stat>
</tag>
<suite>
<stat pass="1" fail="0" skip="0" id="s1" name="Test">Test</stat>
<stat pass="1" fail="0" skip="0" id="s1-s1" name="Module Installation">Test.Module Installation</stat>
</suite>
</statistics>
<errors>
<msg timestamp="20230306 12:20:02.595" level="WARN">Keyword 'BuiltIn.Run Keyword Unless' is deprecated. </msg>
<msg timestamp="20230306 12:20:02.640" level="WARN">Keyword 'BuiltIn.Run Keyword Unless' is deprecated. </msg>
<msg timestamp="20230306 12:20:02.642" level="WARN">Keyword 'BuiltIn.Run Keyword Unless' is deprecated. </msg>
<msg timestamp="20230306 12:20:02.645" level="WARN">Keyword 'BuiltIn.Run Keyword Unless' is deprecated. </msg>
<msg timestamp="20230306 12:20:02.761" level="WARN">Keyword 'BuiltIn.Run Keyword Unless' is deprecated. </msg>
</errors>
</robot>
